<?xml version="1.0" encoding="UTF-8" ?>
<testsuite errors="0" failures="3" hostname="KESHAV-TI8646" name="com.tavant.procats.sample.CountTest" tests="3" time="0.057" timestamp="2012-10-08T12:34:43">
  <properties>
[...]
</properties>
  <testcase classname="com.tavant.procats.sample.CountTest" name="testCountRupeeNotes" time="0.0070">
    <failure message="expected:&lt;3&gt; but was:&lt;null&gt;" type="junit.framework.AssertionFailedError">junit.framework.AssertionFailedError: expected:&lt;3&gt; but was:&lt;null&gt;
	at com.tavant.procats.sample.CountTest.testCountRupeeNotes(CountTest.java:18)
</failure>
  </testcase>
  <testcase classname="com.tavant.procats.sample.CountTest" name="testRupeeNotes2" time="0.0020">
    <failure message="expected:&lt;1022&gt; but was:&lt;null&gt;" type="junit.framework.AssertionFailedError">junit.framework.AssertionFailedError: expected:&lt;1022&gt; but was:&lt;null&gt;
	at com.tavant.procats.sample.CountTest.testRupeeNotes2(CountTest.java:32)
</failure>
  </testcase>
  <testcase classname="com.tavant.procats.sample.CountTest" name="testRupeeNotes3" time="0.0010">
    <failure message="expected:&lt;0&gt; but was:&lt;null&gt;" type="junit.framework.AssertionFailedError">junit.framework.AssertionFailedError: expected:&lt;0&gt; but was:&lt;null&gt;
	at com.tavant.procats.sample.CountTest.testRupeeNotes3(CountTest.java:46)
</failure>
  </testcase>
  <system-out><![CDATA[]]></system-out>
  <system-err><![CDATA[]]></system-err>
</testsuite>
